#
# There is insufficient memory for the Java Runtime Environment to continue.
# Native memory allocation (mmap) failed to map 536870912 bytes for Failed to commit area from 0x0000000601400000 to 0x0000000621400000 of length 536870912.
# Possible reasons:
#   The system is out of physical RAM or swap space
#   The process is running with CompressedOops enabled, and the Java Heap may be blocking the growth of the native heap
# Possible solutions:
#   Reduce memory load on the system
#   Increase physical memory or swap space
#   Check if swap backing store is full
#   Decrease Java heap size (-Xmx/-Xms)
#   Decrease number of Java threads
#   Decrease Java thread stack sizes (-Xss)
#   Set larger code cache with -XX:ReservedCodeCacheSize=
#   JVM is running with Zero Based Compressed Oops mode in which the Java heap is
#     placed in the first 32GB address space. The Java Heap base address is the
#     maximum limit for the native heap growth. Please use -XX:HeapBaseMinAddress
#     to set the Java Heap base and to place the Java Heap above 32GB virtual address.
# This output file may be truncated or incomplete.
#
#  Out of Memory Error (./open/src/hotspot/os/windows/os_windows.cpp:3315), pid=19172, tid=15244
#
# JRE version:  (14.0.1+7) (build )
# Java VM: Java HotSpot(TM) 64-Bit Server VM (14.0.1+7, mixed mode, sharing, tiered, compressed oops, g1 gc, windows-amd64)
# No core dump will be written. Minidumps are not enabled by default on client versions of Windows
#

---------------  S U M M A R Y ------------

Command Line: -javaagent:C:\Users\1\AppData\Local\JetBrains\Toolbox\apps\IDEA-U\ch-0\203.7717.56\lib\idea_rt.jar=1150:C:\Users\1\AppData\Local\JetBrains\Toolbox\apps\IDEA-U\ch-0\203.7717.56\bin -Dfile.encoding=UTF-8 Main

Host: Intel(R) Core(TM) i7-9700 CPU @ 3.00GHz, 8 cores, 31G,  Windows 10 , 64 bit Build 19041 (10.0.19041.804)
Time: Fri Mar 19 17:00:15 2021 RTZ 2 (зима) elapsed time: 0 seconds (0d 0h 0m 0s)

---------------  T H R E A D  ---------------

Current thread (0x00000189ba86d800):  JavaThread "Unknown thread" [_thread_in_vm, id=15244, stack(0x0000003e69500000,0x0000003e69600000)]

Stack: [0x0000003e69500000,0x0000003e69600000]
Native frames: (J=compiled Java code, j=interpreted, Vv=VM code, C=native code)
V  [jvm.dll+0x5f840a]
V  [jvm.dll+0x741e4a]
V  [jvm.dll+0x7435ff]
V  [jvm.dll+0x743c43]
V  [jvm.dll+0x20d288]
V  [jvm.dll+0x5f57ba]
V  [jvm.dll+0x5ea615]
V  [jvm.dll+0x2c7e9c]
V  [jvm.dll+0x2c7cd2]
V  [jvm.dll+0x2cdbbc]
V  [jvm.dll+0x313ff8]
V  [jvm.dll+0x313720]
V  [jvm.dll+0x2a092a]
V  [jvm.dll+0x2a1a79]
V  [jvm.dll+0x71f718]
V  [jvm.dll+0x321c44]
V  [jvm.dll+0x700b0c]
V  [jvm.dll+0x392dff]
V  [jvm.dll+0x394e71]
C  [jli.dll+0x523b]
C  [ucrtbase.dll+0x21bb2]
C  [KERNEL32.DLL+0x17034]
C  [ntdll.dll+0x52651]


---------------  P R O C E S S  ---------------

Threads class SMR info:
_java_thread_list=0x00007ffdee8d3078, length=0, elements={
}

Java Threads: ( => current thread )

Other Threads:
  0x00000189ba8f1800 GCTaskThread "GC Thread#0" [stack: 0x0000003e69600000,0x0000003e69700000] [id=26076]
  0x00000189ba913000 ConcurrentGCThread "G1 Main Marker" [stack: 0x0000003e69700000,0x0000003e69800000] [id=23352]
  0x00000189ba914800 ConcurrentGCThread "G1 Conc#0" [stack: 0x0000003e69800000,0x0000003e69900000] [id=22052]

[error occurred during error reporting (printing all threads), id 0xc0000005, EXCEPTION_ACCESS_VIOLATION (0xc0000005) at pc=0x00007ffdee101257]

VM state:not at safepoint (not fully initialized)

VM Mutex/Monitor currently owned by a thread:  ([mutex/lock_event])
[0x00000189ba8694d0] Heap_lock - owner thread: 0x00000189ba86d800

Heap address: 0x0000000601400000, size: 8172 MB, Compressed Oops mode: Zero based, Oop shift amount: 3
Narrow klass base: 0x0000000000000000, Narrow klass shift: 0

GC Heap History (0 events):
No events

Deoptimization events (0 events):
No events

Classes unloaded (0 events):
No events

Classes redefined (0 events):
No events

Internal exceptions (0 events):
No events

Events (2 events):
Event: 0.010 Loaded shared library C:\Java\jdk-14.0.1\bin\java.dll
Event: 0.011 Loaded shared library C:\Java\jdk-14.0.1\bin\zip.dll


Dynamic libraries:
0x00007ff705180000 - 0x00007ff70518f000 	C:\Java\jdk-14.0.1\bin\java.exe
0x00007ffe2f610000 - 0x00007ffe2f805000 	C:\WINDOWS\SYSTEM32\ntdll.dll
0x00007ffe2d710000 - 0x00007ffe2d7cd000 	C:\WINDOWS\System32\KERNEL32.DLL
0x00007ffe2d2f0000 - 0x00007ffe2d5b9000 	C:\WINDOWS\System32\KERNELBASE.dll
0x00007ffe2cde0000 - 0x00007ffe2cee0000 	C:\WINDOWS\System32\ucrtbase.dll
0x00007ffe25510000 - 0x00007ffe25525000 	C:\Java\jdk-14.0.1\bin\VCRUNTIME140.dll
0x00007ffe26c70000 - 0x00007ffe26c88000 	C:\Java\jdk-14.0.1\bin\jli.dll
0x00007ffe2f520000 - 0x00007ffe2f5cc000 	C:\WINDOWS\System32\ADVAPI32.dll
0x00007ffe2eb80000 - 0x00007ffe2ec1e000 	C:\WINDOWS\System32\msvcrt.dll
0x00007ffe2de40000 - 0x00007ffe2dedc000 	C:\WINDOWS\System32\sechost.dll
0x00007ffe2db70000 - 0x00007ffe2dc9b000 	C:\WINDOWS\System32\RPCRT4.dll
0x00007ffe2dca0000 - 0x00007ffe2de40000 	C:\WINDOWS\System32\USER32.dll
0x00007ffe2cdb0000 - 0x00007ffe2cdd2000 	C:\WINDOWS\System32\win32u.dll
0x00007ffe17750000 - 0x00007ffe179ea000 	C:\WINDOWS\WinSxS\amd64_microsoft.windows.common-controls_6595b64144ccf1df_6.0.19041.844_none_ca00b6081b84eb1d\COMCTL32.dll
0x00007ffe2db40000 - 0x00007ffe2db6a000 	C:\WINDOWS\System32\GDI32.dll
0x00007ffe2cee0000 - 0x00007ffe2cfeb000 	C:\WINDOWS\System32\gdi32full.dll
0x00007ffe2d250000 - 0x00007ffe2d2ed000 	C:\WINDOWS\System32\msvcp_win.dll
0x00007ffe26190000 - 0x00007ffe2619a000 	C:\WINDOWS\SYSTEM32\VERSION.dll
0x00007ffe2e690000 - 0x00007ffe2e6c0000 	C:\WINDOWS\System32\IMM32.DLL
0x00007ffe046c0000 - 0x00007ffe0475b000 	C:\Java\jdk-14.0.1\bin\msvcp140.dll
0x00007ffdede50000 - 0x00007ffdee96e000 	C:\Java\jdk-14.0.1\bin\server\jvm.dll
0x00007ffe2ee30000 - 0x00007ffe2ee38000 	C:\WINDOWS\System32\PSAPI.DLL
0x00007ffe11cc0000 - 0x00007ffe11cc9000 	C:\WINDOWS\SYSTEM32\WSOCK32.dll
0x00007ffe1d6b0000 - 0x00007ffe1d6d7000 	C:\WINDOWS\SYSTEM32\WINMM.dll
0x00007ffe2f3e0000 - 0x00007ffe2f44b000 	C:\WINDOWS\System32\WS2_32.dll
0x00007ffe2ab70000 - 0x00007ffe2ab82000 	C:\WINDOWS\SYSTEM32\kernel.appcore.dll
0x00007ffe27670000 - 0x00007ffe2767a000 	C:\Java\jdk-14.0.1\bin\jimage.dll
0x00007ffe2a790000 - 0x00007ffe2a974000 	C:\WINDOWS\SYSTEM32\DBGHELP.DLL
0x00007ffe12250000 - 0x00007ffe1227c000 	C:\WINDOWS\SYSTEM32\dbgcore.DLL
0x00007ffe2d5f0000 - 0x00007ffe2d670000 	C:\WINDOWS\System32\bcryptPrimitives.dll
0x00007ffe0f0e0000 - 0x00007ffe0f0ee000 	C:\Java\jdk-14.0.1\bin\instrument.dll
0x00007ffe0f130000 - 0x00007ffe0f155000 	C:\Java\jdk-14.0.1\bin\java.dll
0x00007ffe0f180000 - 0x00007ffe0f196000 	C:\Java\jdk-14.0.1\bin\zip.dll

dbghelp: loaded successfully - version: 4.0.5 - missing functions: none
symbol engine: initialized successfully - sym options: 0x614 - pdb path: .;C:\Java\jdk-14.0.1\bin;C:\WINDOWS\SYSTEM32;C:\WINDOWS\WinSxS\amd64_microsoft.windows.common-controls_6595b64144ccf1df_6.0.19041.844_none_ca00b6081b84eb1d;C:\Java\jdk-14.0.1\bin\server

VM Arguments:
jvm_args: -javaagent:C:\Users\1\AppData\Local\JetBrains\Toolbox\apps\IDEA-U\ch-0\203.7717.56\lib\idea_rt.jar=1150:C:\Users\1\AppData\Local\JetBrains\Toolbox\apps\IDEA-U\ch-0\203.7717.56\bin -Dfile.encoding=UTF-8 
java_command: Main
java_class_path (initial): D:\Bulls and Cows\Problems\Generate random numbers\out\production\classes
Launcher Type: SUN_STANDARD

[Global flags]
     intx CICompilerCount                          = 4                                         {product} {ergonomic}
     uint ConcGCThreads                            = 2                                         {product} {ergonomic}
     uint G1ConcRefinementThreads                  = 8                                         {product} {ergonomic}
   size_t G1HeapRegionSize                         = 2097152                                   {product} {ergonomic}
    uintx GCDrainStackTargetSize                   = 64                                        {product} {ergonomic}
   size_t InitialHeapSize                          = 536870912                                 {product} {ergonomic}
   size_t MarkStackSize                            = 4194304                                   {product} {ergonomic}
   size_t MaxHeapSize                              = 8568963072                                {product} {ergonomic}
   size_t MinHeapDeltaBytes                        = 2097152                                   {product} {ergonomic}
   size_t MinHeapSize                              = 8388608                                   {product} {ergonomic}
    uintx NonNMethodCodeHeapSize                   = 5839372                                {pd product} {ergonomic}
    uintx NonProfiledCodeHeapSize                  = 122909434                              {pd product} {ergonomic}
    uintx ProfiledCodeHeapSize                     = 122909434                              {pd product} {ergonomic}
    uintx ReservedCodeCacheSize                    = 251658240                              {pd product} {ergonomic}
     bool SegmentedCodeCache                       = true                                      {product} {ergonomic}
   size_t SoftMaxHeapSize                          = 8568963072                             {manageable} {ergonomic}
     bool UseCompressedClassPointers               = true                                 {lp64_product} {ergonomic}
     bool UseCompressedOops                        = true                                 {lp64_product} {ergonomic}
     bool UseG1GC                                  = true                                      {product} {ergonomic}
     bool UseLargePagesIndividualAllocation        = false                                  {pd product} {ergonomic}

Logging:
Log output configuration:
 #0: stdout all=warning uptime,level,tags
 #1: stderr all=off uptime,level,tags

Environment Variables:
JAVA_HOME=C:\Java\jdk-14.0.1\bin
PATH=C:\Program Files\Python39\Scripts\;C:\Program Files\Python39\;C:\WINDOWS\system32\WBEM;C:\Windows\system32;C:\Windows;C:\Windows\System32\Wbem;C:\Windows\System32\WindowsPowerShell\v1.0\;C:\WINDOWS\system32;C:\WINDOWS;C:\WINDOWS\System32\Wbem;C:\WINDOWS\System32\WindowsPowerShell\v1.0\;C:\WINDOWS\System32\OpenSSH\;C:\Program Files (x86)\NVIDIA Corporation\PhysX\Common;C:\Program Files\NVIDIA Corporation\NVIDIA NvDLISR;C:\Program Files (x86)\Boxcryptor\bin\;C:\Program Files (x86)\Common Files\Acronis\SnapAPI\;C:\Java\jdk-14.0.1\bin;C:\Program Files\dotnet\;C:\Program Files\PuTTY\;C:\Program Files\PowerShell\7\;C:\Users\1\AppData\Local\Programs\Python\Python38-32\Scripts\;C:\Users\1\AppData\Local\Programs\Python\Python38-32\;C:\Users\1\AppData\Roaming\ActiveState\bin;C:\Program Files (x86)\ActiveState Komodo IDE 12\;C:\Program Files\PyCharm Community Edition 2020\bin;C:\Program Files (x86)\Common Files\Acronis\VirtualFile\;C:\Program Files (x86)\Common Files\Acronis\VirtualFile64\;C:\Program Files (x86)\Common Files\Acronis\FileProtector\;C:\Program Files (x86)\Common Files\Acronis\FileProtector64\;C:\Program Files\EmEditor Professional;C:\Program Files\Git\cmd;C:\Program Files (x86)\GitExtensions\;C:\Program Files\Calibre2\;C:\WINDOWS\system32;C:\WINDOWS;C:\WINDOWS\System32\Wbem;C:\WINDOWS\System32\WindowsPowerShell\v1.0\;C:\WINDOWS\System32\OpenSSH\;C:\Program Files\MySQL\MySQL Shell 8.0\bin\;C:\Program Files\EmEditor;%IntelliJ IDEA Community Edition%;C:\Users\1\AppData\Local\Microsoft\WindowsApps
USERNAME=1
OS=Windows_NT
PROCESSOR_IDENTIFIER=Intel64 Family 6 Model 158 Stepping 13, GenuineIntel



---------------  S Y S T E M  ---------------

OS: Windows 10 , 64 bit Build 19041 (10.0.19041.804)
OS uptime: 0 days 6:51 hours
HyperV virtualization detected

CPU:total 8 (initial active 8) (8 cores per cpu, 1 threads per core) family 6 model 158 stepping 13, cmov, cx8, fxsr, mmx, sse, sse2, sse3, ssse3, sse4.1, sse4.2, popcnt, avx, avx2, aes, clmul, erms, rtm, 3dnowpref, lzcnt, tsc, tscinvbit, bmi1, bmi2, adx, fma

Memory: 4k page, system-wide physical 32687M (9229M free)
TotalPageFile size 32687M (AvailPageFile size 431M)
current process WorkingSet (physical memory assigned to process): 11M, peak: 11M
current process commit charge ("private bytes"): 61M, peak: 573M

vm_info: Java HotSpot(TM) 64-Bit Server VM (14.0.1+7) for windows-amd64 JRE (14.0.1+7), built on Mar  5 2020 10:30:14 by "mach5one" with MS VC++ 15.9 (VS2017)

END.
